[22:27:03] [main/INFO] (FabricLoader) Loading for game Minecraft 1.16.5
[22:27:03] [main/INFO] (Fabric|Loader) [FabricLoader] Loading 48 mods:
	- explorerscompass@${version}
	- fabric@0.36.0+1.16
	- fabric-api-base@0.3.0+c88702897d
	- fabric-api-lookup-api-v1@1.2.0+6aebe11a7d
	- fabric-biome-api-v1@3.1.10+3661eaa17d
	- fabric-blockrenderlayer-v1@1.1.5+ca58154a7d
	- fabric-command-api-v1@1.1.1+351679a77d
	- fabric-commands-v0@0.2.2+ca58154a7d
	- fabric-containers-v0@0.1.11+9354966b7d
	- fabric-content-registries-v0@0.2.1+ca58154a7d
	- fabric-crash-report-info-v1@0.1.3+ca58154a7d
	- fabric-dimensions-v1@2.0.6+61336ba97d
	- fabric-entity-events-v1@1.1.0+c88702897d
	- fabric-events-interaction-v0@0.4.3+f941baf07d
	- fabric-events-lifecycle-v0@0.2.1+ca58154a7d
	- fabric-game-rule-api-v1@1.0.6+ca58154a7d
	- fabric-item-api-v1@1.2.1+ca58154a7d
	- fabric-item-groups-v0@0.2.7+2868a2287d
	- fabric-key-binding-api-v1@1.0.4+9354966b7d
	- fabric-keybindings-v0@0.2.1+ca58154a7d
	- fabric-lifecycle-events-v1@1.2.1+ca58154a7d
	- fabric-loot-tables-v1@1.0.2+ca58154a7d
	- fabric-mining-levels-v0@0.1.3+ca58154a7d
	- fabric-models-v0@0.3.0+bc7a746f7d
	- fabric-networking-api-v1@1.0.3+e3c9d0627d
	- fabric-networking-blockentity-v0@0.2.8+ca58154a7d
	- fabric-networking-v0@0.3.2+ca58154a7d
	- fabric-object-builder-api-v1@1.9.5+c88702897d
	- fabric-object-builders-v0@0.7.2+ca58154a7d
	- fabric-particles-v1@0.2.4+ca58154a7d
	- fabric-registry-sync-v0@0.7.4+ca58154a7d
	- fabric-renderer-api-v1@0.4.3+0ef801b67d
	- fabric-renderer-indigo@0.4.4+ca58154a7d
	- fabric-renderer-registries-v1@2.3.0+2868a2287d
	- fabric-rendering-data-attachment-v1@0.1.5+ca58154a7d
	- fabric-rendering-fluids-v1@0.1.13+ca58154a7d
	- fabric-rendering-v0@1.1.2+ca58154a7d
	- fabric-rendering-v1@1.6.0+2868a2287d
	- fabric-resource-loader-v0@0.4.6+2868a2287d
	- fabric-screen-api-v1@1.0.0+c045166c7d
	- fabric-screen-handler-api-v1@1.1.5+9354966b7d
	- fabric-structure-api-v1@1.1.11+ca0ef93d7d
	- fabric-tag-extensions-v0@1.1.1+ca58154a7d
	- fabric-textures-v0@1.0.6+ca58154a7d
	- fabric-tool-attribute-api-v1@1.2.7+8183d3957d
	- fabricloader@0.11.6
	- java@8
	- minecraft@1.16.5
[22:27:03] [main/WARN] (Fabric|Loader) Mod `explorerscompass` (${version}) does not respect SemVer - comparison support is limited.
[22:27:03] [main/INFO] (mixin) SpongePowered MIXIN Subsystem Version=0.8.2 Source=file:/Users/mattczyr/.gradle/caches/modules-2/files-2.1/net.fabricmc/sponge-mixin/0.9.4+mixin.0.8.2/ef410951e94c7f4939cc74c86f8df371827818a4/sponge-mixin-0.9.4+mixin.0.8.2.jar Service=Knot/Fabric Env=CLIENT
[22:27:04] [main/INFO] (Fabric|MixinBootstrap) Loaded Fabric development mappings for mixin remapper!
[22:27:04] [main/WARN] (mixin) @Mixin target net/minecraft/client/render/block/BlockModelRenderer$AmbientOcclusionCalculator is public in fabric-renderer-indigo.mixins.json:MixinAmbientOcclusionCalculator and should be specified in value
[22:27:04] [main/WARN] (mixin) @Mixin target net/minecraft/client/render/chunk/ChunkBuilder$BuiltChunk$RebuildTask is public in fabric-renderer-indigo.mixins.json:MixinChunkRebuildTask and should be specified in value
[22:27:05] [main/WARN] (mixin) @Mixin target net/minecraft/village/TradeOffers$TypeAwareBuyForOneEmeraldFactory is public in fabric-object-builder-v1.mixins.json:TypeAwareTradeMixin and should be specified in value
[22:27:05] [main/WARN] (mixin) @Mixin target net/minecraft/client/font/FontManager$1 is public in fabric-resource-loader-v0.mixins.json:client.FontManagerResourceReloadListenerMixin and should be specified in value
[22:27:05] [main/WARN] (mixin) @Mixin target net/minecraft/server/command/GameRuleCommand$1 is public in fabric-game-rule-api-v1.mixins.json:GameRuleCommandVisitorMixin and should be specified in value
[22:27:05] [main/WARN] (mixin) @Mixin target net/minecraft/client/gui/screen/world/EditGameRulesScreen$RuleListWidget$1 is public in fabric-game-rule-api-v1.mixins.json:client.RuleListWidgetVisitorMixin and should be specified in value
[22:27:05] [main/WARN] (mixin) @Mixin target net/minecraft/server/world/ThreadedAnvilChunkStorage$EntityTracker is public in fabric-networking-api-v1.mixins.json:accessor.EntityTrackerAccessor and should be specified in value
[22:27:05] [main/WARN] (mixin) @Mixin target net/minecraft/client/particle/ParticleManager$SimpleSpriteProvider is public in fabric-particles-v1.mixins.json:ParticleManagerAccessor$SimpleSpriteProviderAccessor and should be specified in value
[22:27:05] [main/WARN] (mixin) @Mixin target net/minecraft/tag/Tag$1 is public in fabric-tag-extensions-v0.mixins.json:MixinTagImpl and should be specified in value
[22:27:05] [main/WARN] (mixin) @Mixin target net/minecraft/tag/RequiredTagList$TagWrapper is public in fabric-tag-extensions-v0.mixins.json:MixinTagImpl and should be specified in value
[22:27:05] [main/WARN] (mixin) @Mixin target net/minecraft/client/render/model/WeightedBakedModel$Entry is public in fabric-renderer-api-v1.mixins.json:client.WeightedBakedModelEntryAccessor and should be specified in value
[22:27:14] [main/INFO] (Minecraft) Environment: authHost='https://authserver.mojang.com', accountsHost='https://api.mojang.com', sessionHost='https://sessionserver.mojang.com', servicesHost='https://api.minecraftservices.com', name='PROD'
[22:27:15] [main/ERROR] (Minecraft) Failed to verify authentication
com.mojang.authlib.exceptions.AuthenticationUnavailableException: null
	at com.mojang.authlib.yggdrasil.YggdrasilSocialInteractionsService.checkPrivileges(YggdrasilSocialInteractionsService.java:97) ~[authlib-2.1.28.jar:?]
	at com.mojang.authlib.yggdrasil.YggdrasilSocialInteractionsService.<init>(YggdrasilSocialInteractionsService.java:40) ~[authlib-2.1.28.jar:?]
	at com.mojang.authlib.yggdrasil.YggdrasilAuthenticationService.createSocialInteractionsService(YggdrasilAuthenticationService.java:152) ~[authlib-2.1.28.jar:?]
	at net.minecraft.client.MinecraftClient.method_31382(MinecraftClient.java:624) [minecraft-1.16.5-mapped-net.fabricmc.yarn-1.16.5+build.10-v2.jar:?]
	at net.minecraft.client.MinecraftClient.<init>(MinecraftClient.java:459) [minecraft-1.16.5-mapped-net.fabricmc.yarn-1.16.5+build.10-v2.jar:?]
	at net.minecraft.client.main.Main.main(Main.java:149) [minecraft-1.16.5-mapped-net.fabricmc.yarn-1.16.5+build.10-v2.jar:?]
	at sun.reflect.NativeMethodAccessorImpl.invoke0(Native Method) ~[?:1.8.0_291]
	at sun.reflect.NativeMethodAccessorImpl.invoke(NativeMethodAccessorImpl.java:62) ~[?:1.8.0_291]
	at sun.reflect.DelegatingMethodAccessorImpl.invoke(DelegatingMethodAccessorImpl.java:43) ~[?:1.8.0_291]
	at java.lang.reflect.Method.invoke(Method.java:498) ~[?:1.8.0_291]
	at net.fabricmc.loader.game.MinecraftGameProvider.launch(MinecraftGameProvider.java:234) [fabric-loader-0.11.6.jar:?]
	at net.fabricmc.loader.launch.knot.Knot.launch(Knot.java:153) [fabric-loader-0.11.6.jar:?]
	at net.fabricmc.loader.launch.knot.KnotClient.main(KnotClient.java:28) [fabric-loader-0.11.6.jar:?]
	at net.fabricmc.devlaunchinjector.Main.main(Main.java:86) [dev-launch-injector-0.2.1+build.8.jar:?]
[22:27:15] [main/INFO] (Minecraft) Setting user: Player65
[22:27:16] [main/INFO] (Indigo) [Indigo] Registering Indigo renderer!
[22:27:16] [main/INFO] (Minecraft) Backend library: LWJGL version 3.2.1 build 12
[22:27:21] [main/INFO] (Minecraft) Reloading ResourceManager: Default, Fabric Mods (Fabric Networking Block Entity (v0), Fabric Renderer API (v1), Fabric Screen Handler API (v1), Fabric Key Bindings (v0), Fabric Command API (v1), Fabric Loader, Fabric Screen API (v1), Fabric Tool Attribute API (v1), Fabric Renderer - Indigo, Fabric Structure API (v1), Fabric Containers (v0), Fabric Dimensions API (v1), Fabric Object Builder API (v1), Fabric Events Interaction (v0), Fabric Crash Report Info (v1), Fabric Item API (v1), Fabric Game Rule API (v1), Fabric Entity Events (v1), Fabric API Base, Fabric Rendering (v0), Fabric Rendering (v1), Fabric Key Binding API (v1), Fabric Rendering Data Attachment (v1), Fabric Resource Loader (v0), Fabric Textures (v0), Fabric Content Registries (v0), Fabric Tag Extensions (v0), Fabric Biome API (v1), Fabric Rendering Fluids (v1), Explorer's Compass, Fabric Commands (v0), Fabric Registry Sync (v0), Fabric BlockRenderLayer Registration (v1), Fabric Lifecycle Events (v1), Fabric Mining Levels (v0), Fabric Renderer Registries (v1), Fabric Networking API (v1), Fabric Events Lifecycle (v0), Fabric Loot Tables (v1), Fabric API, Fabric Particles (v1), Fabric Item Groups (v0), Fabric Models (v0), Fabric Object Builders (v0), Fabric Networking (v0), Fabric API Lookup API (v1))
[22:27:22] [Realms Notification Availability checker #1/INFO] (Minecraft) Could not authorize you against Realms server: Invalid session id
[22:27:41] [main/INFO] (Minecraft) OpenAL initialized.
[22:27:41] [main/INFO] (Minecraft) Sound engine started
[22:27:42] [main/INFO] (Minecraft) Created: 1024x1024x4 minecraft:textures/atlas/blocks.png-atlas
[22:27:42] [main/INFO] (Minecraft) Created: 256x128x4 minecraft:textures/atlas/signs.png-atlas
[22:27:42] [main/INFO] (Minecraft) Created: 1024x512x4 minecraft:textures/atlas/banner_patterns.png-atlas
[22:27:42] [main/INFO] (Minecraft) Created: 1024x512x4 minecraft:textures/atlas/shield_patterns.png-atlas
[22:27:42] [main/INFO] (Minecraft) Created: 256x256x4 minecraft:textures/atlas/chest.png-atlas
[22:27:42] [main/INFO] (Minecraft) Created: 512x256x4 minecraft:textures/atlas/beds.png-atlas
[22:27:42] [main/INFO] (Minecraft) Created: 512x256x4 minecraft:textures/atlas/shulker_boxes.png-atlas
[22:27:43] [main/INFO] (Minecraft) Created: 256x256x0 minecraft:textures/atlas/particles.png-atlas
[22:27:43] [main/INFO] (Minecraft) Created: 256x256x0 minecraft:textures/atlas/paintings.png-atlas
[22:27:43] [main/INFO] (Minecraft) Created: 256x128x0 minecraft:textures/atlas/mob_effects.png-atlas
[22:28:17] [main/WARN] (Minecraft) Ambiguity between arguments [teleport, destination] and [teleport, targets] with inputs: [Player, 0123, @e, dd12be42-52a9-4a91-a8a1-11c01849e498]
[22:28:17] [main/WARN] (Minecraft) Ambiguity between arguments [teleport, location] and [teleport, destination] with inputs: [0.1 -0.5 .9, 0 0 0]
[22:28:17] [main/WARN] (Minecraft) Ambiguity between arguments [teleport, location] and [teleport, targets] with inputs: [0.1 -0.5 .9, 0 0 0]
[22:28:17] [main/WARN] (Minecraft) Ambiguity between arguments [teleport, targets] and [teleport, destination] with inputs: [Player, 0123, dd12be42-52a9-4a91-a8a1-11c01849e498]
[22:28:17] [main/WARN] (Minecraft) Ambiguity between arguments [teleport, targets, location] and [teleport, targets, destination] with inputs: [0.1 -0.5 .9, 0 0 0]
[22:28:17] [main/INFO] (Minecraft) Reloading ResourceManager: Default, Fabric Mods (Fabric Tool Attribute API (v1), Explorer's Compass)
[22:28:21] [main/INFO] (Minecraft) Loaded 7 recipes
[22:28:21] [main/ERROR] (Minecraft) Parsing error loading custom advancement explorerscompass:explorers_compass_cracked_stone_bricks: Unknown item tag 'minecraft:cracked_stone_bricks'
[22:28:21] [main/ERROR] (Minecraft) Parsing error loading custom advancement explorerscompass:explorers_compass_cobweb: Unknown item tag 'minecraft:iron_bars'
[22:28:21] [main/INFO] (Minecraft) Loaded 928 advancements
[22:28:21] [main/INFO] (BiomeModificationImpl) Applied 0 biome modifications to 0 of 79 new biomes in 2.347 ms
[22:28:24] [main/INFO] (Minecraft) Environment: authHost='https://authserver.mojang.com', accountsHost='https://api.mojang.com', sessionHost='https://sessionserver.mojang.com', servicesHost='https://api.minecraftservices.com', name='PROD'
[22:28:24] [Server thread/INFO] (Minecraft) Starting integrated minecraft server version 1.16.5
[22:28:24] [Server thread/INFO] (Minecraft) Generating keypair
[22:28:25] [Server thread/INFO] (Minecraft) Preparing start region for dimension minecraft:overworld
[22:28:28] [main/INFO] (Minecraft) Preparing spawn area: 0%
[22:28:28] [main/INFO] (Minecraft) Preparing spawn area: 0%
[22:28:28] [main/INFO] (Minecraft) Preparing spawn area: 0%
[22:28:28] [main/INFO] (Minecraft) Preparing spawn area: 0%
[22:28:28] [main/INFO] (Minecraft) Preparing spawn area: 0%
[22:28:28] [main/INFO] (Minecraft) Preparing spawn area: 0%
[22:28:28] [main/INFO] (Minecraft) Preparing spawn area: 0%
[22:28:29] [main/INFO] (Minecraft) Preparing spawn area: 0%
[22:28:29] [main/INFO] (Minecraft) Preparing spawn area: 47%
[22:28:38] [main/INFO] (Minecraft) Preparing spawn area: 83%
[22:28:38] [main/INFO] (Minecraft) Preparing spawn area: 83%
[22:28:38] [main/INFO] (Minecraft) Preparing spawn area: 83%
[22:28:38] [main/INFO] (Minecraft) Preparing spawn area: 83%
[22:28:38] [main/INFO] (Minecraft) Preparing spawn area: 83%
[22:28:38] [main/INFO] (Minecraft) Preparing spawn area: 83%
[22:28:38] [main/INFO] (Minecraft) Preparing spawn area: 83%
[22:28:38] [main/INFO] (Minecraft) Preparing spawn area: 83%
[22:28:38] [main/INFO] (Minecraft) Preparing spawn area: 83%
[22:28:38] [main/INFO] (Minecraft) Preparing spawn area: 83%
[22:28:38] [main/INFO] (Minecraft) Preparing spawn area: 83%
[22:28:38] [main/INFO] (Minecraft) Preparing spawn area: 83%
[22:28:38] [main/INFO] (Minecraft) Preparing spawn area: 83%
[22:28:38] [main/INFO] (Minecraft) Preparing spawn area: 83%
[22:28:38] [main/INFO] (Minecraft) Preparing spawn area: 83%
[22:28:38] [main/INFO] (Minecraft) Preparing spawn area: 83%
[22:28:38] [main/INFO] (Minecraft) Preparing spawn area: 83%
[22:28:38] [main/INFO] (Minecraft) Preparing spawn area: 83%
[22:28:39] [main/INFO] (Minecraft) Preparing spawn area: 91%
[22:28:39] [main/INFO] (Minecraft) Preparing spawn area: 91%
[22:28:40] [main/INFO] (Minecraft) Preparing spawn area: 91%
[22:28:40] [main/INFO] (Minecraft) Preparing spawn area: 91%
[22:28:41] [main/INFO] (Minecraft) Preparing spawn area: 93%
[22:28:41] [main/INFO] (Minecraft) Preparing spawn area: 95%
[22:28:41] [main/INFO] (Minecraft) Time elapsed: 16494 ms
[22:28:42] [Server thread/INFO] (Minecraft) Changing view distance to 11, from 10
[22:28:42] [Server thread/INFO] (Minecraft) Player65[local:E:b679b3c0] logged in with entity id 125 at (-333.6618192688159, 69.62530253314092, -957.4901199379676)
[22:28:42] [Server thread/INFO] (Minecraft) Player65 joined the game
[22:28:43] [Server thread/INFO] (Minecraft) Saving and pausing game...
[22:28:43] [Server thread/INFO] (Minecraft) Saving chunks for level 'ServerLevel[New World]'/minecraft:overworld
[22:28:45] [Server thread/INFO] (Minecraft) Saving chunks for level 'ServerLevel[New World]'/minecraft:the_nether
[22:28:45] [Server thread/INFO] (Minecraft) Saving chunks for level 'ServerLevel[New World]'/minecraft:the_end
[22:28:45] [Server thread/WARN] (Minecraft) Can't keep up! Is the server overloaded? Running 3375ms or 67 ticks behind
[22:28:46] [main/INFO] (Minecraft) Loaded 0 advancements
[22:28:53] [Server thread/INFO] (Minecraft) Saving and pausing game...
[22:28:53] [Server thread/INFO] (Minecraft) Saving chunks for level 'ServerLevel[New World]'/minecraft:overworld
[22:28:54] [Server thread/INFO] (Minecraft) Saving chunks for level 'ServerLevel[New World]'/minecraft:the_nether
[22:28:54] [Server thread/INFO] (Minecraft) Saving chunks for level 'ServerLevel[New World]'/minecraft:the_end
[22:28:55] [Server thread/INFO] (explorerscompass) Starting search: 50000 max radius, 5000 max samples
[22:28:56] [Server thread/INFO] (explorerscompass) Search failed: 795 radius, 5001 samples
[22:28:57] [Server thread/INFO] (Minecraft) Saving and pausing game...
[22:28:57] [Server thread/INFO] (Minecraft) Saving chunks for level 'ServerLevel[New World]'/minecraft:overworld
[22:28:57] [Server thread/INFO] (Minecraft) Saving chunks for level 'ServerLevel[New World]'/minecraft:the_nether
[22:28:57] [Server thread/INFO] (Minecraft) Saving chunks for level 'ServerLevel[New World]'/minecraft:the_end
[22:29:08] [Server thread/WARN] (Minecraft) Can't keep up! Is the server overloaded? Running 2284ms or 45 ticks behind
[22:29:15] [Server thread/INFO] (explorerscompass) Starting search: 50000 max radius, 5000 max samples
[22:29:32] [Server thread/WARN] (Minecraft) Can't keep up! Is the server overloaded? Running 8644ms or 172 ticks behind
[22:29:47] [Server thread/INFO] (explorerscompass) Search failed: 796 radius, 5001 samples
[22:29:49] [Server thread/WARN] (Minecraft) Can't keep up! Is the server overloaded? Running 2289ms or 45 ticks behind
[22:29:54] [Server thread/INFO] (Minecraft) Saving and pausing game...
[22:29:54] [Server thread/INFO] (Minecraft) Saving chunks for level 'ServerLevel[New World]'/minecraft:overworld
[22:29:57] [Server thread/INFO] (Minecraft) Saving chunks for level 'ServerLevel[New World]'/minecraft:the_nether
[22:29:57] [Server thread/INFO] (Minecraft) Saving chunks for level 'ServerLevel[New World]'/minecraft:the_end
[22:29:57] [Server thread/INFO] (explorerscompass) Starting search: 50000 max radius, 5000 max samples
[22:29:57] [Server thread/INFO] (explorerscompass) Search failed: 796 radius, 5001 samples
[22:29:58] [Server thread/INFO] (Minecraft) Saving and pausing game...
[22:29:58] [Server thread/INFO] (Minecraft) Saving chunks for level 'ServerLevel[New World]'/minecraft:overworld
[22:29:59] [Server thread/INFO] (Minecraft) Saving chunks for level 'ServerLevel[New World]'/minecraft:the_nether
[22:29:59] [Server thread/INFO] (Minecraft) Saving chunks for level 'ServerLevel[New World]'/minecraft:the_end
[22:30:00] [Server thread/INFO] (explorerscompass) Starting search: 50000 max radius, 5000 max samples
[22:30:06] [Server thread/WARN] (Minecraft) Can't keep up! Is the server overloaded? Running 2207ms or 44 ticks behind
[22:30:09] [Server thread/INFO] (explorerscompass) Search succeeded: 740 radius, 2862 samples
[22:30:10] [Server thread/INFO] (Minecraft) Saving and pausing game...
[22:30:10] [Server thread/INFO] (Minecraft) Saving chunks for level 'ServerLevel[New World]'/minecraft:overworld
[22:30:11] [Server thread/INFO] (Minecraft) Saving chunks for level 'ServerLevel[New World]'/minecraft:the_nether
[22:30:11] [Server thread/INFO] (Minecraft) Saving chunks for level 'ServerLevel[New World]'/minecraft:the_end
[22:30:12] [Server thread/INFO] (explorerscompass) Starting search: 50000 max radius, 5000 max samples
[22:30:12] [Server thread/INFO] (explorerscompass) Search succeeded: 135 radius, 0 samples
[22:30:13] [Server thread/INFO] (Minecraft) Saving and pausing game...
[22:30:13] [Server thread/INFO] (Minecraft) Saving chunks for level 'ServerLevel[New World]'/minecraft:overworld
[22:30:14] [Server thread/INFO] (Minecraft) Saving chunks for level 'ServerLevel[New World]'/minecraft:the_nether
[22:30:14] [Server thread/INFO] (Minecraft) Saving chunks for level 'ServerLevel[New World]'/minecraft:the_end
[22:30:18] [main/INFO] (Minecraft) Stopping!
[22:30:18] [Server thread/INFO] (Minecraft) Player65 lost connection: Disconnected
[22:30:18] [Server thread/INFO] (Minecraft) Player65 left the game
[22:30:18] [Server thread/INFO] (Minecraft) Stopping singleplayer server as player logged out
[22:30:18] [Server thread/INFO] (Minecraft) Stopping server
[22:30:18] [Server thread/INFO] (Minecraft) Saving players
[22:30:18] [Server thread/INFO] (Minecraft) Saving worlds
[22:30:18] [Server thread/INFO] (Minecraft) Saving chunks for level 'ServerLevel[New World]'/minecraft:overworld
[22:30:18] [Server thread/INFO] (Minecraft) ThreadedAnvilChunkStorage (New World): All chunks are saved
[22:30:18] [Server thread/INFO] (Minecraft) Saving chunks for level 'ServerLevel[New World]'/minecraft:the_nether
[22:30:18] [Server thread/INFO] (Minecraft) ThreadedAnvilChunkStorage (DIM-1): All chunks are saved
[22:30:18] [Server thread/INFO] (Minecraft) Saving chunks for level 'ServerLevel[New World]'/minecraft:the_end
[22:30:18] [Server thread/INFO] (Minecraft) ThreadedAnvilChunkStorage (DIM1): All chunks are saved
[22:30:18] [Server thread/INFO] (Minecraft) ThreadedAnvilChunkStorage (New World): All chunks are saved
[22:30:18] [Server thread/INFO] (Minecraft) ThreadedAnvilChunkStorage (DIM-1): All chunks are saved
[22:30:18] [Server thread/INFO] (Minecraft) ThreadedAnvilChunkStorage (DIM1): All chunks are saved
